<?xml version="1.0" encoding="UTF-8"?>
<!-- Generated by org.testng.reporters.JUnitXMLReporter -->
<testsuite hostname="MDLT064" ignored="0" name="RegistrationPageRegressionTests1" tests="1" failures="1" timestamp="10 Sep 2019 07:02:35 GMT" time="17.701" errors="0">
  <testcase name="method" time="17.659" classname="TestBase.LaunchBrowser">
    <failure type="org.openqa.selenium.SessionNotCreatedException" message="session not created
from chrome not reachable
  (Session info: chrome=76.0.3809.132)
  (Driver info: chromedriver=76.0.3809.126 (d80a294506b4c9d18015e755cee48f953ddc3f2f-refs/branch-heads/3809@{#1024}),platform=Windows NT 10.0.18362 x86_64) (WARNING: The server did not provide any stacktrace information)
Command duration or timeout: 15.64 seconds
Build info: version: &amp;apos;2.53.0&amp;apos;, revision: &amp;apos;35ae25b1534ae328c771e0856c93e187490ca824&amp;apos;, time: &amp;apos;2016-03-15 10:43:46&amp;apos;
System info: host: &amp;apos;MDLT064&amp;apos;, ip: &amp;apos;192.168.25.136&amp;apos;, os.name: &amp;apos;Windows 10&amp;apos;, os.arch: &amp;apos;amd64&amp;apos;, os.version: &amp;apos;10.0&amp;apos;, java.version: &amp;apos;1.8.0_201&amp;apos;
Driver info: org.openqa.selenium.chrome.ChromeDriver">
      <![CDATA[org.openqa.selenium.SessionNotCreatedException: session not createdfrom chrome not reachable  (Session info: chrome=76.0.3809.132)  (Driver info: chromedriver=76.0.3809.126 (d80a294506b4c9d18015e755cee48f953ddc3f2f-refs/branch-heads/3809@{#1024}),platform=Windows NT 10.0.18362 x86_64) (WARNING: The server did not provide any stacktrace information)Command duration or timeout: 15.64 secondsBuild info: version: '2.53.0', revision: '35ae25b1534ae328c771e0856c93e187490ca824', time: '2016-03-15 10:43:46'System info: host: 'MDLT064', ip: '192.168.25.136', os.name: 'Windows 10', os.arch: 'amd64', os.version: '10.0', java.version: '1.8.0_201'Driver info: org.openqa.selenium.chrome.ChromeDriverat org.openqa.selenium.remote.ErrorHandler.createThrowable(ErrorHandler.java:206)at org.openqa.selenium.remote.ErrorHandler.throwIfResponseFailed(ErrorHandler.java:158)at org.openqa.selenium.remote.RemoteWebDriver.execute(RemoteWebDriver.java:678)at org.openqa.selenium.remote.RemoteWebDriver.startSession(RemoteWebDriver.java:249)at org.openqa.selenium.remote.RemoteWebDriver.<init>(RemoteWebDriver.java:131)at org.openqa.selenium.remote.RemoteWebDriver.<init>(RemoteWebDriver.java:144)at org.openqa.selenium.chrome.ChromeDriver.<init>(ChromeDriver.java:170)at org.openqa.selenium.chrome.ChromeDriver.<init>(ChromeDriver.java:159)at org.openqa.selenium.chrome.ChromeDriver.<init>(ChromeDriver.java:116)at TestBase.LaunchBrowser.method(LaunchBrowser.java:13)... Removed 29 stack frames]]>
    </failure>
  </testcase> <!-- method -->
</testsuite> <!-- RegistrationPageRegressionTests1 -->
